#
# There is insufficient memory for the Java Runtime Environment to continue.
# Native memory allocation (mmap) failed to map 134217728 bytes for G1 virtual space
# Possible reasons:
#   The system is out of physical RAM or swap space
#   The process is running with CompressedOops enabled, and the Java Heap may be blocking the growth of the native heap
# Possible solutions:
#   Reduce memory load on the system
#   Increase physical memory or swap space
#   Check if swap backing store is full
#   Decrease Java heap size (-Xmx/-Xms)
#   Decrease number of Java threads
#   Decrease Java thread stack sizes (-Xss)
#   Set larger code cache with -XX:ReservedCodeCacheSize=
#   JVM is running with Unscaled Compressed Oops mode in which the Java heap is
#     placed in the first 4GB address space. The Java Heap base address is the
#     maximum limit for the native heap growth. Please use -XX:HeapBaseMinAddress
#     to set the Java Heap base and to place the Java Heap above 4GB virtual address.
# This output file may be truncated or incomplete.
#
#  Out of Memory Error (os_windows.cpp:3548), pid=8616, tid=12192
#
# JRE version:  (17.0.10+11) (build )
# Java VM: Java HotSpot(TM) 64-Bit Server VM (17.0.10+11-LTS-240, mixed mode, sharing, tiered, compressed oops, compressed class ptrs, g1 gc, windows-amd64)
# No core dump will be written. Minidumps are not enabled by default on client versions of Windows
#

---------------  S U M M A R Y ------------

Command Line: 

Host: Intel(R) Core(TM) i5-6300U CPU @ 2.40GHz, 4 cores, 7G,  Windows 10 , 64 bit Build 21996 (10.0.21996.1)
Time: Fri Feb 23 14:14:03 2024 India Standard Time elapsed time: 0.012863 seconds (0d 0h 0m 0s)

---------------  T H R E A D  ---------------

Current thread (0x000002b151b13db0):  JavaThread "Unknown thread" [_thread_in_vm, id=12192, stack(0x000000f212200000,0x000000f212300000)]

Stack: [0x000000f212200000,0x000000f212300000]
Native frames: (J=compiled Java code, j=interpreted, Vv=VM code, C=native code)
V  [jvm.dll+0x677a5a]
V  [jvm.dll+0x7d8b2d]
V  [jvm.dll+0x7da48e]
V  [jvm.dll+0x7daaf3]
V  [jvm.dll+0x2455ff]
V  [jvm.dll+0x6749b9]
V  [jvm.dll+0x669382]
V  [jvm.dll+0x302e96]
V  [jvm.dll+0x30a416]
V  [jvm.dll+0x359cbe]
V  [jvm.dll+0x359eef]
V  [jvm.dll+0x2d9e88]
V  [jvm.dll+0x2dadf4]
V  [jvm.dll+0x7aa551]
V  [jvm.dll+0x367911]
V  [jvm.dll+0x789639]
V  [jvm.dll+0x3eb30f]
V  [jvm.dll+0x3ecd91]
C  [jli.dll+0x5297]
C  [ucrtbase.dll+0x26c0c]
C  [KERNEL32.DLL+0x154e0]
C  [ntdll.dll+0x485b]


---------------  P R O C E S S  ---------------

Threads class SMR info:
_java_thread_list=0x00007ffeea2b6a18, length=0, elements={
}

Java Threads: ( => current thread )

Other Threads:
  0x000002b151b72390 GCTaskThread "GC Thread#0" [stack: 0x000000f212300000,0x000000f212400000] [id=7328]
  0x000002b151b82f60 ConcurrentGCThread "G1 Main Marker" [stack: 0x000000f212400000,0x000000f212500000] [id=10460]
  0x000002b151b84110 ConcurrentGCThread "G1 Conc#0" [stack: 0x000000f212500000,0x000000f212600000] [id=15128]

[error occurred during error reporting (printing all threads), id 0xc0000005, EXCEPTION_ACCESS_VIOLATION (0xc0000005) at pc=0x00007ffee9aeaae7]

VM state: not at safepoint (not fully initialized)

VM Mutex/Monitor currently owned by a thread:  ([mutex/lock_event])
[0x000002b151b0e2b0] Heap_lock - owner thread: 0x000002b151b13db0

Heap address: 0x0000000081c00000, size: 2020 MB, Compressed Oops mode: 32-bit

CDS archive(s) mapped at: [0x0000000000000000-0x0000000000000000-0x0000000000000000), size 0, SharedBaseAddress: 0x0000000800000000, ArchiveRelocationMode: 1.
Narrow klass base: 0x0000000000000000, Narrow klass shift: 0, Narrow klass range: 0x0

GC Precious Log:
<Empty>

Heap:
 garbage-first heap   total 0K, used 0K [0x0000000081c00000, 0x0000000100000000)
  region size 1024K, 0 young (0K), 0 survivors (0K)

[error occurred during error reporting (printing heap information), id 0xc0000005, EXCEPTION_ACCESS_VIOLATION (0xc0000005) at pc=0x00007ffee9ed1249]

GC Heap History (0 events):
No events

Deoptimization events (0 events):
No events

Classes unloaded (0 events):
No events

Classes redefined (0 events):
No events

Internal exceptions (0 events):
No events

VM Operations (0 events):
No events

Events (1 events):
Event: 0.008 Loaded shared library C:\Program Files\Java\jdk-17\bin\java.dll


Dynamic libraries:
0x00007ff68ca00000 - 0x00007ff68ca10000 	C:\Program Files\Java\jdk-17\bin\java.exe
0x00007fff71e40000 - 0x00007fff72047000 	C:\Windows\SYSTEM32\ntdll.dll
0x00007fff70f70000 - 0x00007fff7102d000 	C:\Windows\System32\KERNEL32.DLL
0x00007fff6f850000 - 0x00007fff6fbc2000 	C:\Windows\System32\KERNELBASE.dll
0x00007fff6f4d0000 - 0x00007fff6f5e1000 	C:\Windows\System32\ucrtbase.dll
0x00007fff69930000 - 0x00007fff6994b000 	C:\Program Files\Java\jdk-17\bin\VCRUNTIME140.dll
0x00007fff6c1a0000 - 0x00007fff6c1b9000 	C:\Program Files\Java\jdk-17\bin\jli.dll
0x00007fff70ba0000 - 0x00007fff70c4c000 	C:\Windows\System32\ADVAPI32.dll
0x00007fff71410000 - 0x00007fff714b3000 	C:\Windows\System32\msvcrt.dll
0x00007fff71500000 - 0x00007fff7159d000 	C:\Windows\System32\sechost.dll
0x00007fff70e10000 - 0x00007fff70f31000 	C:\Windows\System32\RPCRT4.dll
0x00007fff715a0000 - 0x00007fff7174c000 	C:\Windows\System32\USER32.dll
0x00007fff6f7b0000 - 0x00007fff6f7d6000 	C:\Windows\System32\win32u.dll
0x00007fff70f40000 - 0x00007fff70f69000 	C:\Windows\System32\GDI32.dll
0x00007fff49480000 - 0x00007fff49725000 	C:\Windows\WinSxS\amd64_microsoft.windows.common-controls_6595b64144ccf1df_6.0.21996.1_none_7d6b053978bcd706\COMCTL32.dll
0x00007fff6f5f0000 - 0x00007fff6f702000 	C:\Windows\System32\gdi32full.dll
0x00007fff6f710000 - 0x00007fff6f7ad000 	C:\Windows\System32\msvcp_win.dll
0x00007fff64a80000 - 0x00007fff64a8a000 	C:\Windows\SYSTEM32\VERSION.dll
0x00007fff71cd0000 - 0x00007fff71d01000 	C:\Windows\System32\IMM32.DLL
0x00007fff68980000 - 0x00007fff6898c000 	C:\Program Files\Java\jdk-17\bin\vcruntime140_1.dll
0x00007fff12cc0000 - 0x00007fff12d4e000 	C:\Program Files\Java\jdk-17\bin\msvcp140.dll
0x00007ffee9800000 - 0x00007ffeea3df000 	C:\Program Files\Java\jdk-17\bin\server\jvm.dll
0x00007fff714f0000 - 0x00007fff714f8000 	C:\Windows\System32\PSAPI.DLL
0x00007fff5c9f0000 - 0x00007fff5c9f9000 	C:\Windows\SYSTEM32\WSOCK32.dll
0x00007fff68cd0000 - 0x00007fff68d03000 	C:\Windows\SYSTEM32\WINMM.dll
0x00007fff70b30000 - 0x00007fff70b9f000 	C:\Windows\System32\WS2_32.dll
0x00007fff6e580000 - 0x00007fff6e597000 	C:\Windows\SYSTEM32\kernel.appcore.dll
0x00007fff68970000 - 0x00007fff6897a000 	C:\Program Files\Java\jdk-17\bin\jimage.dll
0x00007fff683c0000 - 0x00007fff685e1000 	C:\Windows\SYSTEM32\DBGHELP.DLL
0x00007fff59dc0000 - 0x00007fff59df1000 	C:\Windows\SYSTEM32\dbgcore.DLL
0x00007fff6fbd0000 - 0x00007fff6fc50000 	C:\Windows\System32\bcryptPrimitives.dll
0x00007fff5d800000 - 0x00007fff5d825000 	C:\Program Files\Java\jdk-17\bin\java.dll

dbghelp: loaded successfully - version: 4.0.5 - missing functions: none
symbol engine: initialized successfully - sym options: 0x614 - pdb path: .;C:\Program Files\Java\jdk-17\bin;C:\Windows\SYSTEM32;C:\Windows\WinSxS\amd64_microsoft.windows.common-controls_6595b64144ccf1df_6.0.21996.1_none_7d6b053978bcd706;C:\Program Files\Java\jdk-17\bin\server

VM Arguments:
java_command: <unknown>
java_class_path (initial): <not set>
Launcher Type: SUN_STANDARD

[Global flags]
     intx CICompilerCount                          = 3                                         {product} {ergonomic}
     uint ConcGCThreads                            = 1                                         {product} {ergonomic}
     uint G1ConcRefinementThreads                  = 4                                         {product} {ergonomic}
   size_t G1HeapRegionSize                         = 1048576                                   {product} {ergonomic}
    uintx GCDrainStackTargetSize                   = 64                                        {product} {ergonomic}
   size_t InitialHeapSize                          = 134217728                                 {product} {ergonomic}
   size_t MarkStackSize                            = 4194304                                   {product} {ergonomic}
   size_t MaxHeapSize                              = 2118123520                                {product} {ergonomic}
   size_t MinHeapDeltaBytes                        = 1048576                                   {product} {ergonomic}
   size_t MinHeapSize                              = 8388608                                   {product} {ergonomic}
    uintx NonNMethodCodeHeapSize                   = 5832780                                {pd product} {ergonomic}
    uintx NonProfiledCodeHeapSize                  = 122912730                              {pd product} {ergonomic}
    uintx ProfiledCodeHeapSize                     = 122912730                              {pd product} {ergonomic}
    uintx ReservedCodeCacheSize                    = 251658240                              {pd product} {ergonomic}
     bool SegmentedCodeCache                       = true                                      {product} {ergonomic}
   size_t SoftMaxHeapSize                          = 2118123520                             {manageable} {ergonomic}
     bool UseCompressedClassPointers               = true                           {product lp64_product} {ergonomic}
     bool UseCompressedOops                        = true                           {product lp64_product} {ergonomic}
     bool UseG1GC                                  = true                                      {product} {ergonomic}
     bool UseLargePagesIndividualAllocation        = false                                  {pd product} {ergonomic}

Logging:
Log output configuration:
 #0: stdout all=warning uptime,level,tags
 #1: stderr all=off uptime,level,tags

Environment Variables:
PATH=D:\Credence\Assignments\My Assignments\Final Revision\CredKart_Pytest_Project\venv\Scripts;C:\Program Files\Common Files\Oracle\Java\javapath;C:\oraclexe\app\oracle\product\10.2.0\server\bin;C:\Windows\system32;C:\Windows;C:\Windows\System32\Wbem;C:\Windows\System32\WindowsPowerShell\v1.0\;C:\Windows\System32\OpenSSH\;C:\Program Files\dotnet\;C:\Program Files\Microsoft SQL Server\Client SDK\ODBC\170\Tools\Binn\;C:\Program Files (x86)\Microsoft SQL Server\150\Tools\Binn\;C:\Program Files\Microsoft SQL Server\150\Tools\Binn\;C:\Program Files\Microsoft SQL Server\150\DTS\Binn\;C:\Program Files (x86)\Microsoft SQL Server\160\DTS\Binn\;C:\Program Files\Azure Data Studio\bin;C:\Program Files (x86)\Microsoft SQL Server\110\Tools\Binn\ManagementStudio\;C:\Program Files (x86)\Microsoft SQL Server\110\Tools\Binn\;C:\Program Files (x86)\Microsoft Visual Studio 11.0\Common7\IDE\PrivateAssemblies\;C:\Program Files (x86)\Microsoft SQL Server\110\DTS\Binn\;C:\Program Files\Java\jdk-17;C:\Program Files\Git\cmd;C:\Users\Expert\AppData\Local\Programs\Python\Python311\python.exe;C:\Users\Expert\AppData\Local\Programs\Python\Python311\Scripts;D:\Credence\Assignments\My Assignments\Pycharm Installation Files\PyCharm Community Edition 2023.1.3\bin;C:\allure-2.23.1\bin;C:\Program Files\Java\jdk-21;C:\Program Files\Java\jdk-17;C:\Users\Expert\AppData\Local\Programs\Python\Python311\Scripts\;C:\Users\Expert\AppData\Local\Programs\Python\Python311\;C:\Users\Expert\AppData\Local\Microsoft\WindowsApps;C:\Program Files\Azure Data Studio\bin;D:\Credence\Assignments\My Assignments\Python Selenium\PyCharm Community Edition 2023.1.3\bin;;D:\Credence\Assignments\My Assignments\Pytest_July\AllureReports;D:\Credence\Assignments\My Assignments\Pycharm Installation Files\PyCharm Community Edition 2023.1.3\bin;
USERNAME=Expert
OS=Windows_NT
PROCESSOR_IDENTIFIER=Intel64 Family 6 Model 78 Stepping 3, GenuineIntel



---------------  S Y S T E M  ---------------

OS:
 Windows 10 , 64 bit Build 21996 (10.0.21996.1)
OS uptime: 0 days 23:38 hours

CPU: total 4 (initial active 4) (2 cores per cpu, 2 threads per core) family 6 model 78 stepping 3 microcode 0xd6, cx8, cmov, fxsr, ht, mmx, 3dnowpref, sse, sse2, sse3, ssse3, sse4.1, sse4.2, popcnt, lzcnt, tsc, tscinvbit, avx, avx2, aes, erms, clmul, bmi1, bmi2, rtm, adx, fma, vzeroupper, clflush, clflushopt

Memory: 4k page, system-wide physical 8076M (1231M free)
TotalPageFile size 10124M (AvailPageFile size 36M)
current process WorkingSet (physical memory assigned to process): 10M, peak: 10M
current process commit charge ("private bytes"): 51M, peak: 179M

vm_info: Java HotSpot(TM) 64-Bit Server VM (17.0.10+11-LTS-240) for windows-amd64 JRE (17.0.10+11-LTS-240), built on Dec 19 2023 21:47:25 by "mach5one" with MS VC++ 17.1 (VS2022)

END.
